nota1 = 10
nota2 = 6
nota3 = 4
nota4 = 9
9
media = (nota1 + nota2 + nota3 + nota4) / 4
7.25
if(media < 4){
    console.log("Aluno reprovado")
} else if (media < 7){
    console.log("Aluno em recuperação")
} else{
    console.log("Aluno aprovado")
}
VM2995:6 Aluno aprovado
undefined
nota1 = 2
nota2 = 6
nota3 = 4
nota4 = 4
4
media = (nota1 + nota2 + nota3 + nota4) / 4
4
if(media < 4){
    console.log("Aluno reprovado")
} else if (media < 7){
    console.log("Aluno em recuperação")
} else{
    console.log("Aluno aprovado")
}
VM3020:4 Aluno em recuperação
undefined
nota1 = 2
nota2 = 2
nota3 = 4
nota4 = 4
4
media = (nota1 + nota2 + nota3 + nota4) / 4
3
if(media < 4){
    console.log("Aluno reprovado")
} else if (media < 7){
    console.log("Aluno em recuperação")
} else{
    console.log("Aluno aprovado")
}
VM3038:2 Aluno reprovado
undefined
